<!DOCTYPE html PUBLIC "-//W3C//DTD XHTML 1.1//EN" "https://www.w3.org/TR/xhtml11/DTD/xhtml11.dtd">
<html xmlns="https://www.w3.org/1999/xhtml">
<head>
<meta charset='utf-8'>
<title>TestNG Report</title>
<style type="text/css">
table {margin-bottom:10px;border-collapse:collapse;empty-cells:show}
td,th {border:1px solid #009;padding:.25em .5em}
.result th {vertical-align:bottom}
.param th {padding-left:1em;padding-right:1em}
.param td {padding-left:.5em;padding-right:2em}
.stripe td,.stripe th {background-color: #E6EBF9}
.numi,.numi_attn {text-align:right}
.total td {font-weight:bold}
.passedodd td {background-color: #0A0}
.passedeven td {background-color: #3F3}
.skippedodd td {background-color: #CCC}
.skippedodd td {background-color: #DDD}
.failedodd td,.numi_attn {background-color: #F33}
.failedeven td,.stripe .numi_attn {background-color: #D00}
.stacktrace {white-space:pre;font-family:monospace}
.totop {font-size:85%;text-align:center;border-bottom:2px solid #000}
</style>
</head>
<body>
<table cellspacing="0" cellpadding="0" class="testOverview">
<tr><th>Test</th><th>Methods<br/>Passed</th><th>Scenarios<br/>Passed</th><th># skipped</th><th># failed</th><th>Total<br/>Time</th><th>Included<br/>Groups</th><th>Excluded<br/>Groups</th></tr>
<tr><td style="text-align:left;padding-right:2em"><a href="#t1">Orangehrn Tests</a></td><td class="numi">5</td><td class="numi">5</td><td class="numi">0</td><td class="numi_attn">1</td><td class="numi">61.8 seconds</td><td class="numi"></td><td class="numi"></td></tr>
<tr class="stripe"><td style="text-align:left;padding-right:2em"><a href="#t2">Select Class Tests</a></td><td class="numi">2</td><td class="numi">2</td><td class="numi">0</td><td class="numi_attn">1</td><td class="numi">44.3 seconds</td><td class="numi"></td><td class="numi"></td></tr>
<tr class="total"><td>Total</td>
<td class="numi">7</td><td class="numi">7</td><td class="numi">0</td><td class="numi_attn">2</td><td class="numi">106.1 seconds</td><td colspan="2">&nbsp;</td></tr>
</table>
<table cellspacing="0" cellpadding="0" class="methodOverview" id="summary">
<tr><th>Class</th><th>Method</th><th># of<br/>Scenarios</th><th>Start</th><th>Time<br/>(ms)</th></tr>
<tr id="t1"><th colspan="5">Orangehrn Tests &#8212; failed</th></tr>
<tr class="failedodd"><td>com.test.orengehrm.tests.AdminTest</td><td><a href="#m1"><b>validateTheCreationOfEmployeeMessage</b>  </a></td><td class="numi">1</td><td>1646198294373</td><td class="numi">4527</td></tr>
<tr><th colspan="5">Orangehrn Tests &#8212; passed</th></tr>
<tr class="passedodd"><td>com.test.orengehrm.tests.PimTest</td><td><a href="#m2"><b>ValidatePersonalDetailElement</b>  </a></td><td class="numi">1</td><td>1646198305408</td><td class="numi">11726</td></tr>
<tr class="passedeven"><td rowspan="2">com.test.orengehrm.tests.LoginTest</td><td><a href="#m3"><b>validateLoginPositive</b>  </a></td><td class="numi">1</td><td>1646198287991</td><td class="numi">2123</td></tr><tr class="passedeven"><td><a href="#m4"><b>validateLoginNegative2</b>  </a></td><td class="numi">1</td><td>1646198284552</td><td class="numi">377</td></tr>
<tr class="passedodd"><td>com.test.orengehrm.tests.PimTest</td><td><a href="#m5"><b>ValidateTheCreationOfEmployee</b>  </a></td><td class="numi">1</td><td>1646198322657</td><td class="numi">7988</td></tr>
<tr class="passedeven"><td>com.test.orengehrm.tests.LoginTest</td><td><a href="#m6"><b>validateLoginNegative</b>  </a></td><td class="numi">1</td><td>1646198280019</td><td class="numi">1563</td></tr>
<tr id="t2"><th colspan="5">Select Class Tests &#8212; failed</th></tr>
<tr class="failedodd"><td>SelectClass.DreamCars</td><td><a href="#m7"><b>BMWmyWay</b>  </a></td><td class="numi">1</td><td>1646198352968</td><td class="numi">17695</td></tr>
<tr><th colspan="5">Select Class Tests &#8212; passed</th></tr>
<tr class="passedodd"><td>SelectClass.SelectBasics</td><td><a href="#m8"><b>practice1</b>  </a></td><td class="numi">1</td><td>1646198370672</td><td class="numi">4289</td></tr>
<tr class="passedeven"><td>SelectClass.DreamCars</td><td><a href="#m9"><b>BMWahmetsWay</b>  </a></td><td class="numi">1</td><td>1646198330650</td><td class="numi">22317</td></tr>
</table>
<h1>Orangehrn Tests</h1>
<h2 id="m1">com.test.orengehrm.tests.AdminTest:validateTheCreationOfEmployeeMessage</h2>
<div>
<div class="stacktrace">java.lang.AssertionError: expected [true] but found [false]
	at com.test.orengehrm.tests.AdminTest.validateTheCreationOfEmployeeMessage(AdminTest.java:19)
	at java.util.ArrayList.forEach(ArrayList.java:1259)
	at com.intellij.rt.testng.IDEARemoteTestNG.run(IDEARemoteTestNG.java:66)
	at com.intellij.rt.testng.RemoteTestNGStarter.main(RemoteTestNGStarter.java:109)
... Removed 28 stack frames</div>
</div>
<p class="totop"><a href="#summary">back to summary</a></p>
<h2 id="m2">com.test.orengehrm.tests.PimTest:ValidateTheCreationOfEmployee</h2>
<p class="totop"><a href="#summary">back to summary</a></p>
<h2 id="m3">com.test.orengehrm.tests.PimTest:ValidatePersonalDetailElement</h2>
<p class="totop"><a href="#summary">back to summary</a></p>
<h2 id="m4">com.test.orengehrm.tests.LoginTest:validateLoginPositive</h2>
<p class="totop"><a href="#summary">back to summary</a></p>
<h2 id="m5">com.test.orengehrm.tests.LoginTest:validateLoginNegative</h2>
<p class="totop"><a href="#summary">back to summary</a></p>
<h2 id="m6">com.test.orengehrm.tests.LoginTest:validateLoginNegative2</h2>
<p class="totop"><a href="#summary">back to summary</a></p>
<h1>Select Class Tests</h1>
<h2 id="m7">SelectClass.DreamCars:BMWmyWay</h2>
<div>
<div class="stacktrace">org.openqa.selenium.WebDriverException: unknown error: cannot determine loading status
from disconnected: received Inspector.detached event
  (Session info: chrome=98.0.4758.102)
Build info: version: &apos;4.0.0&apos;, revision: &apos;3a21814679&apos;
System info: host: &apos;DESKTOP-4CF4AIF&apos;, ip: &apos;192.168.0.8&apos;, os.name: &apos;Windows 10&apos;, os.arch: &apos;amd64&apos;, os.version: &apos;10.0&apos;, java.version: &apos;1.8.0_301&apos;
Driver info: org.openqa.selenium.chrome.ChromeDriver
Command: [8f94f310e0b3dc30ce2503d47f481345, clickElement {id=3aef821a-4935-4146-9212-a07a399ed299}]
Capabilities {acceptInsecureCerts: false, browserName: chrome, browserVersion: 98.0.4758.102, chrome: {chromedriverVersion: 98.0.4758.102 (273bf7ac8c90..., userDataDir: C:\Users\uguru\AppData\Loca...}, goog:chromeOptions: {debuggerAddress: localhost:64574}, javascriptEnabled: true, networkConnectionEnabled: false, pageLoadStrategy: normal, platform: WINDOWS, platformName: WINDOWS, proxy: Proxy(), se:cdp: ws://localhost:64574/devtoo..., se:cdpVersion: 98.0.4758.102, setWindowRect: true, strictFileInteractability: false, timeouts: {implicit: 0, pageLoad: 300000, script: 30000}, unhandledPromptBehavior: dismiss and notify, webauthn:extension:credBlob: true, webauthn:extension:largeBlob: true, webauthn:virtualAuthenticators: true}
Element: [[ChromeDriver: chrome on WINDOWS (8f94f310e0b3dc30ce2503d47f481345)] -&gt; xpath: //*[@id=&quot;by-make-tab&quot;]/div/div[7]/button]
Session ID: 8f94f310e0b3dc30ce2503d47f481345
	at org.openqa.selenium.remote.codec.w3c.W3CHttpResponseCodec.createException(W3CHttpResponseCodec.java:200)
	at org.openqa.selenium.remote.codec.w3c.W3CHttpResponseCodec.decode(W3CHttpResponseCodec.java:133)
	at org.openqa.selenium.remote.codec.w3c.W3CHttpResponseCodec.decode(W3CHttpResponseCodec.java:53)
	at org.openqa.selenium.remote.HttpCommandExecutor.execute(HttpCommandExecutor.java:184)
	at org.openqa.selenium.remote.service.DriverCommandExecutor.invokeExecute(DriverCommandExecutor.java:164)
	at org.openqa.selenium.remote.service.DriverCommandExecutor.execute(DriverCommandExecutor.java:139)
	at org.openqa.selenium.remote.RemoteWebDriver.execute(RemoteWebDriver.java:559)
	at org.openqa.selenium.remote.RemoteWebElement.execute(RemoteWebElement.java:251)
	at org.openqa.selenium.remote.RemoteWebElement.click(RemoteWebElement.java:77)
	at SelectClass.DreamCars.BMWmyWay(DreamCars.java:67)
	at java.util.ArrayList.forEach(ArrayList.java:1259)
	at com.intellij.rt.testng.IDEARemoteTestNG.run(IDEARemoteTestNG.java:66)
	at com.intellij.rt.testng.RemoteTestNGStarter.main(RemoteTestNGStarter.java:109)
... Removed 28 stack frames</div>
</div>
<p class="totop"><a href="#summary">back to summary</a></p>
<h2 id="m8">SelectClass.SelectBasics:practice1</h2>
<p class="totop"><a href="#summary">back to summary</a></p>
<h2 id="m9">SelectClass.DreamCars:BMWahmetsWay</h2>
<p class="totop"><a href="#summary">back to summary</a></p>
</body></html>
